This file contains any messages produced by compilers while
running configure, to aid debugging if configure makes a mistake.

It was created by qDecoder configure 11 RELEASE, which was
generated by GNU Autoconf 2.59.  Invocation command line was

  $ ./configure 

## --------- ##
## Platform. ##
## --------- ##

hostname = fedoraVM
uname -m = i686
uname -r = 2.6.35.14-103.fc14.i686
uname -s = Linux
uname -v = #1 SMP Thu Oct 27 16:15:52 UTC 2011

/usr/bin/uname -p = unknown
/bin/uname -X     = unknown

/bin/arch              = i686
/usr/bin/arch -k       = unknown
/usr/convex/getsysinfo = unknown
hostinfo               = unknown
/bin/machine           = unknown
/usr/bin/oslevel       = unknown
/bin/universe          = unknown

PATH: /home/user/.rbenv/shims
PATH: /home/user/.rbenv/bin
PATH: /home/user/.rbenv/bin
PATH: /home/user/.rbenv/shims
PATH: /home/user/.rbenv/bin
PATH: /usr/lib/ccache
PATH: /usr/local/bin
PATH: /bin
PATH: /usr/bin
PATH: /usr/local/sbin
PATH: /usr/sbin
PATH: /sbin
PATH: /home/user/bin


## ----------- ##
## Core tests. ##
## ----------- ##

configure:1431: checking for gcc
configure:1447: found /usr/lib/ccache/gcc
configure:1457: result: gcc
configure:1701: checking for C compiler version
configure:1704: gcc --version </dev/null >&5
gcc (GCC) 4.5.1 20100924 (Red Hat 4.5.1-4)
Copyright (C) 2010 Free Software Foundation, Inc.
This is free software; see the source for copying conditions.  There is NO
warranty; not even for MERCHANTABILITY or FITNESS FOR A PARTICULAR PURPOSE.

configure:1707: $? = 0
configure:1709: gcc -v </dev/null >&5
Using built-in specs.
COLLECT_GCC=/usr/bin/gcc
COLLECT_LTO_WRAPPER=/usr/libexec/gcc/i686-redhat-linux/4.5.1/lto-wrapper
Target: i686-redhat-linux
Configured with: ../configure --prefix=/usr --mandir=/usr/share/man --infodir=/usr/share/info --with-bugurl=http://bugzilla.redhat.com/bugzilla --enable-bootstrap --enable-shared --enable-threads=posix --enable-checking=release --with-system-zlib --enable-__cxa_atexit --disable-libunwind-exceptions --enable-gnu-unique-object --enable-linker-build-id --enable-languages=c,c++,objc,obj-c++,java,fortran,ada,lto --enable-plugin --enable-java-awt=gtk --disable-dssi --with-java-home=/usr/lib/jvm/java-1.5.0-gcj-1.5.0.0/jre --enable-libgcj-multifile --enable-java-maintainer-mode --with-ecj-jar=/usr/share/java/eclipse-ecj.jar --disable-libjava-multilib --with-ppl --with-cloog --with-tune=generic --with-arch=i686 --build=i686-redhat-linux
Thread model: posix
gcc version 4.5.1 20100924 (Red Hat 4.5.1-4) (GCC) 
configure:1712: $? = 0
configure:1714: gcc -V </dev/null >&5
gcc: '-V' option must have argument
configure:1717: $? = 1
configure:1740: checking for C compiler default output file name
configure:1743: gcc   -I/usr/include -I/usr/local/include -I./ -D_GNU_SOURCE  -L/usr/lib -L/usr/local/lib conftest.c  >&5
configure:1746: $? = 0
configure:1792: result: a.out
configure:1797: checking whether the C compiler works
configure:1803: ./a.out
configure:1806: $? = 0
configure:1823: result: yes
configure:1830: checking whether we are cross compiling
configure:1832: result: no
configure:1835: checking for suffix of executables
configure:1837: gcc -o conftest   -I/usr/include -I/usr/local/include -I./ -D_GNU_SOURCE  -L/usr/lib -L/usr/local/lib conftest.c  >&5
configure:1840: $? = 0
configure:1865: result: 
configure:1871: checking for suffix of object files
configure:1892: gcc -c   -I/usr/include -I/usr/local/include -I./ -D_GNU_SOURCE conftest.c >&5
configure:1895: $? = 0
configure:1917: result: o
configure:1921: checking whether we are using the GNU C compiler
configure:1945: gcc -c   -I/usr/include -I/usr/local/include -I./ -D_GNU_SOURCE conftest.c >&5
configure:1951: $? = 0
configure:1955: test -z 
			 || test ! -s conftest.err
configure:1958: $? = 0
configure:1961: test -s conftest.o
configure:1964: $? = 0
configure:1977: result: yes
configure:1983: checking whether gcc accepts -g
configure:2004: gcc -c -g  -I/usr/include -I/usr/local/include -I./ -D_GNU_SOURCE conftest.c >&5
configure:2010: $? = 0
configure:2014: test -z 
			 || test ! -s conftest.err
configure:2017: $? = 0
configure:2020: test -s conftest.o
configure:2023: $? = 0
configure:2034: result: yes
configure:2051: checking for gcc option to accept ANSI C
configure:2121: gcc  -c -g -O2  -I/usr/include -I/usr/local/include -I./ -D_GNU_SOURCE conftest.c >&5
configure:2127: $? = 0
configure:2131: test -z 
			 || test ! -s conftest.err
configure:2134: $? = 0
configure:2137: test -s conftest.o
configure:2140: $? = 0
configure:2158: result: none needed
configure:2176: gcc -c -g -O2  -I/usr/include -I/usr/local/include -I./ -D_GNU_SOURCE conftest.c >&5
conftest.c:2:9: error: expected '=', ',', ';', 'asm' or '__attribute__' before 'me'
configure:2182: $? = 1
configure: failed program was:
| #ifndef __cplusplus
|   choke me
| #endif
configure:2359: checking for a BSD-compatible install
configure:2414: result: /usr/bin/install -c
configure:2425: checking whether ln -s works
configure:2429: result: yes
configure:2436: checking whether make sets $(MAKE)
configure:2456: result: yes
configure:2506: checking for ranlib
configure:2522: found /usr/bin/ranlib
configure:2533: result: ranlib
configure:2548: checking for ar
configure:2566: found /usr/bin/ar
configure:2578: result: /usr/bin/ar
configure:2587: checking for chmod
configure:2605: found /bin/chmod
configure:2617: result: /bin/chmod
configure:2626: checking for ld
configure:2644: found /usr/bin/ld
configure:2656: result: /usr/bin/ld
configure:2665: checking for rm
configure:2683: found /bin/rm
configure:2695: result: /bin/rm
configure:2710: checking how to run the C preprocessor
configure:2745: gcc -E  -I/usr/include -I/usr/local/include -I./ -D_GNU_SOURCE conftest.c
configure:2751: $? = 0
configure:2783: gcc -E  -I/usr/include -I/usr/local/include -I./ -D_GNU_SOURCE conftest.c
conftest.c:9:28: fatal error: ac_nonexistent.h: No such file or directory
compilation terminated.
configure:2789: $? = 1
configure: failed program was:
| /* confdefs.h.  */
| 
| #define PACKAGE_NAME "qDecoder"
| #define PACKAGE_TARNAME "qdecoder"
| #define PACKAGE_VERSION "11 RELEASE"
| #define PACKAGE_STRING "qDecoder 11 RELEASE"
| #define PACKAGE_BUGREPORT "http://www.qdecoder.org/"
| /* end confdefs.h.  */
| #include <ac_nonexistent.h>
configure:2828: result: gcc -E
configure:2852: gcc -E  -I/usr/include -I/usr/local/include -I./ -D_GNU_SOURCE conftest.c
configure:2858: $? = 0
configure:2890: gcc -E  -I/usr/include -I/usr/local/include -I./ -D_GNU_SOURCE conftest.c
conftest.c:9:28: fatal error: ac_nonexistent.h: No such file or directory
compilation terminated.
configure:2896: $? = 1
configure: failed program was:
| /* confdefs.h.  */
| 
| #define PACKAGE_NAME "qDecoder"
| #define PACKAGE_TARNAME "qdecoder"
| #define PACKAGE_VERSION "11 RELEASE"
| #define PACKAGE_STRING "qDecoder 11 RELEASE"
| #define PACKAGE_BUGREPORT "http://www.qdecoder.org/"
| /* end confdefs.h.  */
| #include <ac_nonexistent.h>
configure:2940: checking for egrep
configure:2950: result: grep -E
configure:2955: checking for ANSI C header files
configure:2980: gcc -c -Wall -fPIC  -I/usr/include -I/usr/local/include -I./ -D_GNU_SOURCE conftest.c >&5
configure:2986: $? = 0
configure:2990: test -z 
			 || test ! -s conftest.err
configure:2993: $? = 0
configure:2996: test -s conftest.o
configure:2999: $? = 0
configure:3088: gcc -o conftest -Wall -fPIC  -I/usr/include -I/usr/local/include -I./ -D_GNU_SOURCE  -L/usr/lib -L/usr/local/lib conftest.c  >&5
conftest.c: In function 'main':
conftest.c:26:7: warning: implicit declaration of function 'exit'
conftest.c:26:7: warning: incompatible implicit declaration of built-in function 'exit'
configure:3091: $? = 0
configure:3093: ./conftest
configure:3096: $? = 0
configure:3111: result: yes
configure:3135: checking for sys/types.h
configure:3151: gcc -c -Wall -fPIC  -I/usr/include -I/usr/local/include -I./ -D_GNU_SOURCE conftest.c >&5
configure:3157: $? = 0
configure:3161: test -z 
			 || test ! -s conftest.err
configure:3164: $? = 0
configure:3167: test -s conftest.o
configure:3170: $? = 0
configure:3181: result: yes
configure:3135: checking for sys/stat.h
configure:3151: gcc -c -Wall -fPIC  -I/usr/include -I/usr/local/include -I./ -D_GNU_SOURCE conftest.c >&5
configure:3157: $? = 0
configure:3161: test -z 
			 || test ! -s conftest.err
configure:3164: $? = 0
configure:3167: test -s conftest.o
configure:3170: $? = 0
configure:3181: result: yes
configure:3135: checking for stdlib.h
configure:3151: gcc -c -Wall -fPIC  -I/usr/include -I/usr/local/include -I./ -D_GNU_SOURCE conftest.c >&5
configure:3157: $? = 0
configure:3161: test -z 
			 || test ! -s conftest.err
configure:3164: $? = 0
configure:3167: test -s conftest.o
configure:3170: $? = 0
configure:3181: result: yes
configure:3135: checking for string.h
configure:3151: gcc -c -Wall -fPIC  -I/usr/include -I/usr/local/include -I./ -D_GNU_SOURCE conftest.c >&5
configure:3157: $? = 0
configure:3161: test -z 
			 || test ! -s conftest.err
configure:3164: $? = 0
configure:3167: test -s conftest.o
configure:3170: $? = 0
configure:3181: result: yes
configure:3135: checking for memory.h
configure:3151: gcc -c -Wall -fPIC  -I/usr/include -I/usr/local/include -I./ -D_GNU_SOURCE conftest.c >&5
configure:3157: $? = 0
configure:3161: test -z 
			 || test ! -s conftest.err
configure:3164: $? = 0
configure:3167: test -s conftest.o
configure:3170: $? = 0
configure:3181: result: yes
configure:3135: checking for strings.h
configure:3151: gcc -c -Wall -fPIC  -I/usr/include -I/usr/local/include -I./ -D_GNU_SOURCE conftest.c >&5
configure:3157: $? = 0
configure:3161: test -z 
			 || test ! -s conftest.err
configure:3164: $? = 0
configure:3167: test -s conftest.o
configure:3170: $? = 0
configure:3181: result: yes
configure:3135: checking for inttypes.h
configure:3151: gcc -c -Wall -fPIC  -I/usr/include -I/usr/local/include -I./ -D_GNU_SOURCE conftest.c >&5
configure:3157: $? = 0
configure:3161: test -z 
			 || test ! -s conftest.err
configure:3164: $? = 0
configure:3167: test -s conftest.o
configure:3170: $? = 0
configure:3181: result: yes
configure:3135: checking for stdint.h
configure:3151: gcc -c -Wall -fPIC  -I/usr/include -I/usr/local/include -I./ -D_GNU_SOURCE conftest.c >&5
configure:3157: $? = 0
configure:3161: test -z 
			 || test ! -s conftest.err
configure:3164: $? = 0
configure:3167: test -s conftest.o
configure:3170: $? = 0
configure:3181: result: yes
configure:3135: checking for unistd.h
configure:3151: gcc -c -Wall -fPIC  -I/usr/include -I/usr/local/include -I./ -D_GNU_SOURCE conftest.c >&5
configure:3157: $? = 0
configure:3161: test -z 
			 || test ! -s conftest.err
configure:3164: $? = 0
configure:3167: test -s conftest.o
configure:3170: $? = 0
configure:3181: result: yes
configure:3193: checking for stdbool.h that conforms to C99
configure:3246: gcc -c -Wall -fPIC  -I/usr/include -I/usr/local/include -I./ -D_GNU_SOURCE conftest.c >&5
conftest.c:45:2: warning: variably modified 'd' at file scope
conftest.c:46:2: warning: the address of 's' will always evaluate as 'true'
conftest.c:47:2: warning: variably modified 'f' at file scope
conftest.c: In function 'main':
conftest.c:55:9: warning: the address of 'a' will always evaluate as 'true'
conftest.c:55:14: warning: the address of 'b' will always evaluate as 'true'
conftest.c:55:19: warning: the address of 'c' will always evaluate as 'true'
conftest.c:55:24: warning: the address of 'd' will always evaluate as 'true'
conftest.c:55:34: warning: the address of 'f' will always evaluate as 'true'
conftest.c:55:39: warning: the address of 'g' will always evaluate as 'true'
conftest.c:55:44: warning: the address of 'h' will always evaluate as 'true'
conftest.c:55:49: warning: the address of 'i' will always evaluate as 'true'
configure:3252: $? = 0
configure:3256: test -z 
			 || test ! -s conftest.err
configure:3259: $? = 0
configure:3262: test -s conftest.o
configure:3265: $? = 0
configure:3276: result: yes
configure:3278: checking for _Bool
configure:3302: gcc -c -Wall -fPIC  -I/usr/include -I/usr/local/include -I./ -D_GNU_SOURCE conftest.c >&5
configure:3308: $? = 0
configure:3312: test -z 
			 || test ! -s conftest.err
configure:3315: $? = 0
configure:3318: test -s conftest.o
configure:3321: $? = 0
configure:3332: result: yes
configure:3359: checking for dirent.h that defines DIR
configure:3383: gcc -c -Wall -fPIC  -I/usr/include -I/usr/local/include -I./ -D_GNU_SOURCE conftest.c >&5
configure:3389: $? = 0
configure:3393: test -z 
			 || test ! -s conftest.err
configure:3396: $? = 0
configure:3399: test -s conftest.o
configure:3402: $? = 0
configure:3413: result: yes
configure:3426: checking for library containing opendir
configure:3456: gcc -o conftest -Wall -fPIC  -I/usr/include -I/usr/local/include -I./ -D_GNU_SOURCE  -L/usr/lib -L/usr/local/lib conftest.c  >&5
configure:3462: $? = 0
configure:3466: test -z 
			 || test ! -s conftest.err
configure:3469: $? = 0
configure:3472: test -s conftest
configure:3475: $? = 0
configure:3545: result: none required
configure:3684: checking for size_t
configure:3708: gcc -c -Wall -fPIC  -I/usr/include -I/usr/local/include -I./ -D_GNU_SOURCE conftest.c >&5
configure:3714: $? = 0
configure:3718: test -z 
			 || test ! -s conftest.err
configure:3721: $? = 0
configure:3724: test -s conftest.o
configure:3727: $? = 0
configure:3738: result: yes
configure:3750: checking for off_t
configure:3774: gcc -c -Wall -fPIC  -I/usr/include -I/usr/local/include -I./ -D_GNU_SOURCE conftest.c >&5
configure:3780: $? = 0
configure:3784: test -z 
			 || test ! -s conftest.err
configure:3787: $? = 0
configure:3790: test -s conftest.o
configure:3793: $? = 0
configure:3804: result: yes
configure:3887: CFLAGS -Wall -fPIC -g -O2
configure:3889: CPPFLAGS  -I/usr/include -I/usr/local/include -I./ -D_GNU_SOURCE
configure:3989: creating ./config.status

## ---------------------- ##
## Running config.status. ##
## ---------------------- ##

This file was extended by qDecoder config.status 11 RELEASE, which was
generated by GNU Autoconf 2.59.  Invocation command line was

  CONFIG_FILES    = 
  CONFIG_HEADERS  = 
  CONFIG_LINKS    = 
  CONFIG_COMMANDS = 
  $ ./config.status 

on fedoraVM

config.status:659: creating Makefile
config.status:659: creating src/Makefile
config.status:659: creating examples/Makefile
config.status:763: creating config.h

## ---------------- ##
## Cache variables. ##
## ---------------- ##

ac_cv_c_compiler_gnu=yes
ac_cv_env_CC_set=
ac_cv_env_CC_value=
ac_cv_env_CFLAGS_set=
ac_cv_env_CFLAGS_value=
ac_cv_env_CPPFLAGS_set=
ac_cv_env_CPPFLAGS_value=
ac_cv_env_CPP_set=
ac_cv_env_CPP_value=
ac_cv_env_LDFLAGS_set=
ac_cv_env_LDFLAGS_value=
ac_cv_env_build_alias_set=
ac_cv_env_build_alias_value=
ac_cv_env_host_alias_set=
ac_cv_env_host_alias_value=
ac_cv_env_target_alias_set=
ac_cv_env_target_alias_value=
ac_cv_exeext=
ac_cv_header_dirent_dirent_h=yes
ac_cv_header_inttypes_h=yes
ac_cv_header_memory_h=yes
ac_cv_header_stdbool_h=yes
ac_cv_header_stdc=yes
ac_cv_header_stdint_h=yes
ac_cv_header_stdlib_h=yes
ac_cv_header_string_h=yes
ac_cv_header_strings_h=yes
ac_cv_header_sys_stat_h=yes
ac_cv_header_sys_types_h=yes
ac_cv_header_unistd_h=yes
ac_cv_objext=o
ac_cv_path_AR=/usr/bin/ar
ac_cv_path_CHMOD=/bin/chmod
ac_cv_path_LD=/usr/bin/ld
ac_cv_path_RM=/bin/rm
ac_cv_path_install='/usr/bin/install -c'
ac_cv_prog_CPP='gcc -E'
ac_cv_prog_ac_ct_CC=gcc
ac_cv_prog_ac_ct_RANLIB=ranlib
ac_cv_prog_cc_g=yes
ac_cv_prog_cc_stdc=
ac_cv_prog_egrep='grep -E'
ac_cv_prog_make_make_set=yes
ac_cv_search_opendir='none required'
ac_cv_type__Bool=yes
ac_cv_type_off_t=yes
ac_cv_type_size_t=yes

## ----------------- ##
## Output variables. ##
## ----------------- ##

AR='/usr/bin/ar'
CC='gcc'
CFLAGS='-Wall -fPIC -g -O2'
CHMOD='/bin/chmod'
CPP='gcc -E'
CPPFLAGS=' -I/usr/include -I/usr/local/include -I./ -D_GNU_SOURCE'
DEFS='-DHAVE_CONFIG_H'
ECHO_C=''
ECHO_N='-n'
ECHO_T=''
EGREP='grep -E'
EXEEXT=''
INSTALL_DATA='${INSTALL} -m 644'
INSTALL_PROGRAM='${INSTALL}'
INSTALL_SCRIPT='${INSTALL}'
LD='/usr/bin/ld'
LDFLAGS=' -L/usr/lib -L/usr/local/lib'
LIBOBJS=''
LIBS=''
LN_S='ln -s'
LTLIBOBJS=''
OBJEXT='o'
PACKAGE_BUGREPORT='http://www.qdecoder.org/'
PACKAGE_NAME='qDecoder'
PACKAGE_STRING='qDecoder 11 RELEASE'
PACKAGE_TARNAME='qdecoder'
PACKAGE_VERSION='11 RELEASE'
PATH_SEPARATOR=':'
RANLIB='ranlib'
RM='/bin/rm'
SET_MAKE=''
SHELL='/bin/sh'
ac_ct_CC='gcc'
ac_ct_RANLIB='ranlib'
bindir='${exec_prefix}/bin'
build_alias=''
datadir='${prefix}/share'
exec_prefix='${prefix}'
host_alias=''
includedir='${prefix}/include'
infodir='${prefix}/info'
libdir='${exec_prefix}/lib'
libexecdir='${exec_prefix}/libexec'
localstatedir='${prefix}/var'
mandir='${prefix}/man'
oldincludedir='/usr/include'
prefix='/usr/local'
program_transform_name='s,x,x,'
sbindir='${exec_prefix}/sbin'
sharedstatedir='${prefix}/com'
sysconfdir='${prefix}/etc'
target_alias=''

## ----------- ##
## confdefs.h. ##
## ----------- ##

#define HAVE_DIRENT_H 1
#define HAVE_INTTYPES_H 1
#define HAVE_MEMORY_H 1
#define HAVE_STDBOOL_H 1
#define HAVE_STDINT_H 1
#define HAVE_STDLIB_H 1
#define HAVE_STRINGS_H 1
#define HAVE_STRING_H 1
#define HAVE_SYS_STAT_H 1
#define HAVE_SYS_TYPES_H 1
#define HAVE_UNISTD_H 1
#define HAVE__BOOL 1
#define PACKAGE_BUGREPORT "http://www.qdecoder.org/"
#define PACKAGE_NAME "qDecoder"
#define PACKAGE_STRING "qDecoder 11 RELEASE"
#define PACKAGE_TARNAME "qdecoder"
#define PACKAGE_VERSION "11 RELEASE"
#define STDC_HEADERS 1

configure: exit 0
